2024-08-15T15:00:18.067Z [warn] WARNING: {{area-navigation}} was not converted as it has positional parameters which can't be automatically converted. Source: app/templates/list.hbs
2024-08-15T15:00:18.078Z [warn] WARNING: {{translate}} was not converted as it has positional parameters which can't be automatically converted. Source: app/templates/index.hbs
2024-08-15T15:00:18.081Z [warn] WARNING: {{translate}} was not converted as it has positional parameters which can't be automatically converted. Source: app/templates/error.hbs
2024-08-15T15:00:18.087Z [warn] WARNING: {{translate}} was not converted as it has positional parameters which can't be automatically converted. Source: app/templates/list/index.hbs
2024-08-15T15:00:18.193Z [warn] WARNING: {{area-navigation}} was not converted as it has positional parameters which can't be automatically converted. Source: app/templates/application.hbs
2024-08-15T15:00:18.212Z [warn] WARNING: {{translate}} was not converted as it has positional parameters which can't be automatically converted. Source: app/templates/application.hbs
2024-08-15T15:00:18.212Z [warn] WARNING: {{area-navigation}} was not converted as it has positional parameters which can't be automatically converted. Source: app/templates/application.hbs
2024-08-15T15:00:18.212Z [warn] WARNING: {{translate}} was not converted as it has positional parameters which can't be automatically converted. Source: app/templates/application.hbs
2024-08-15T15:00:18.212Z [warn] WARNING: {{translate}} was not converted as it has positional parameters which can't be automatically converted. Source: app/templates/application.hbs
2024-08-15T15:00:18.212Z [warn] WARNING: {{translate}} was not converted as it has positional parameters which can't be automatically converted. Source: app/templates/application.hbs
2024-08-15T15:00:18.213Z [warn] WARNING: {{translate}} was not converted as it has positional parameters which can't be automatically converted. Source: app/templates/application.hbs
2024-08-15T15:00:18.213Z [warn] WARNING: {{translate}} was not converted as it has positional parameters which can't be automatically converted. Source: app/templates/application.hbs
2024-08-15T15:00:18.213Z [warn] WARNING: {{translate}} was not converted as it has positional parameters which can't be automatically converted. Source: app/templates/application.hbs
2024-08-15T15:00:18.213Z [warn] WARNING: {{translate}} was not converted as it has positional parameters which can't be automatically converted. Source: app/templates/application.hbs
2024-08-15T15:00:18.213Z [warn] WARNING: {{translate}} was not converted as it has positional parameters which can't be automatically converted. Source: app/templates/application.hbs
2024-08-15T15:00:18.214Z [warn] WARNING: {{translate}} was not converted as it has positional parameters which can't be automatically converted. Source: app/templates/application.hbs
2024-08-15T15:00:18.214Z [warn] WARNING: {{translate}} was not converted as it has positional parameters which can't be automatically converted. Source: app/templates/application.hbs
2024-08-15T15:00:18.214Z [warn] WARNING: {{translate}} was not converted as it has positional parameters which can't be automatically converted. Source: app/templates/application.hbs
2024-08-15T15:00:18.215Z [warn] WARNING: {{translate}} was not converted as it has positional parameters which can't be automatically converted. Source: app/templates/application.hbs
2024-08-15T15:00:18.215Z [warn] WARNING: {{translate}} was not converted as it has positional parameters which can't be automatically converted. Source: app/templates/application.hbs
2024-08-15T15:00:18.215Z [warn] WARNING: {{translate}} was not converted as it has positional parameters which can't be automatically converted. Source: app/templates/application.hbs
2024-08-15T15:00:18.215Z [warn] WARNING: {{twitter-feed}} was not converted as it has positional parameters which can't be automatically converted. Source: app/templates/application.hbs
2024-08-15T15:00:18.221Z [warn] WARNING: {{translate}} was not converted as it has positional parameters which can't be automatically converted. Source: app/templates/components/area-navigation.hbs
2024-08-15T15:00:18.259Z [warn] WARNING: {{translate}} was not converted as it has positional parameters which can't be automatically converted. Source: app/templates/components/event-details-table.hbs
2024-08-15T15:00:18.259Z [warn] WARNING: {{translate}} was not converted as it has positional parameters which can't be automatically converted. Source: app/templates/components/event-details-table.hbs
2024-08-15T15:00:18.288Z [warn] WARNING: {{translate}} was not converted as it has positional parameters which can't be automatically converted. Source: app/templates/components/event-list-search.hbs
2024-08-15T15:00:18.289Z [warn] WARNING: {{translate}} was not converted as it has positional parameters which can't be automatically converted. Source: app/templates/components/event-list-search.hbs
2024-08-15T15:00:18.610Z [warn] WARNING: {{translate}} was not converted as it has positional parameters which can't be automatically converted. Source: app/templates/list/category/event/confirmation-error.hbs
2024-08-15T15:00:18.612Z [warn] WARNING: {{translate}} was not converted as it has positional parameters which can't be automatically converted. Source: app/templates/list/category/event/confirmation-error.hbs
2024-08-15T15:00:18.612Z [warn] WARNING: {{translate}} was not converted as it has positional parameters which can't be automatically converted. Source: app/templates/list/category/event/confirmation-error.hbs
2024-08-15T15:00:18.612Z [warn] WARNING: {{translate}} was not converted as it has positional parameters which can't be automatically converted. Source: app/templates/list/category/event/confirmation-error.hbs
2024-08-15T15:00:18.612Z [warn] WARNING: {{translate}} was not converted as it has positional parameters which can't be automatically converted. Source: app/templates/list/category/event/confirmation-error.hbs
2024-08-15T15:00:18.622Z [warn] WARNING: {{translate}} was not converted as it has positional parameters which can't be automatically converted. Source: app/templates/list/category/event/confirmation-loading.hbs
2024-08-15T15:00:18.644Z [warn] WARNING: {{translate}} was not converted as it has positional parameters which can't be automatically converted. Source: app/templates/list/category/event/index.hbs
2024-08-15T15:00:18.645Z [warn] WARNING: {{translate}} was not converted as it has positional parameters which can't be automatically converted. Source: app/templates/list/category/event/index.hbs
2024-08-15T15:00:18.645Z [warn] WARNING: {{translate}} was not converted as it has positional parameters which can't be automatically converted. Source: app/templates/list/category/event/index.hbs
2024-08-15T15:00:18.645Z [warn] WARNING: {{translate}} was not converted as it has positional parameters which can't be automatically converted. Source: app/templates/list/category/event/index.hbs
2024-08-15T15:00:18.645Z [warn] WARNING: {{translate}} was not converted as it has positional parameters which can't be automatically converted. Source: app/templates/list/category/event/index.hbs
2024-08-15T15:00:18.645Z [warn] WARNING: {{translate}} was not converted as it has positional parameters which can't be automatically converted. Source: app/templates/list/category/event/index.hbs
2024-08-15T15:00:18.645Z [warn] WARNING: {{translate}} was not converted as it has positional parameters which can't be automatically converted. Source: app/templates/list/category/event/index.hbs
2024-08-15T15:00:18.646Z [warn] WARNING: {{translate}} was not converted as it has positional parameters which can't be automatically converted. Source: app/templates/list/category/event/index.hbs
2024-08-15T15:00:18.646Z [warn] WARNING: {{translate}} was not converted as it has positional parameters which can't be automatically converted. Source: app/templates/list/category/event/index.hbs
2024-08-15T15:00:18.697Z [warn] WARNING: {{translate}} was not converted as it has positional parameters which can't be automatically converted. Source: app/templates/list/category/event/confirmation.hbs
2024-08-15T15:00:18.698Z [warn] WARNING: {{translate}} was not converted as it has positional parameters which can't be automatically converted. Source: app/templates/list/category/event/confirmation.hbs
2024-08-15T15:00:18.698Z [warn] WARNING: {{translate}} was not converted as it has positional parameters which can't be automatically converted. Source: app/templates/list/category/event/confirmation.hbs
2024-08-15T15:00:18.698Z [warn] WARNING: {{translate}} was not converted as it has positional parameters which can't be automatically converted. Source: app/templates/list/category/event/confirmation.hbs
2024-08-15T15:00:18.698Z [warn] WARNING: {{translate}} was not converted as it has positional parameters which can't be automatically converted. Source: app/templates/list/category/event/confirmation.hbs
2024-08-15T15:00:18.698Z [warn] WARNING: {{translate}} was not converted as it has positional parameters which can't be automatically converted. Source: app/templates/list/category/event/confirmation.hbs
2024-08-15T15:00:18.698Z [warn] WARNING: {{translate}} was not converted as it has positional parameters which can't be automatically converted. Source: app/templates/list/category/event/confirmation.hbs
2024-08-15T15:00:18.698Z [warn] WARNING: {{translate}} was not converted as it has positional parameters which can't be automatically converted. Source: app/templates/list/category/event/confirmation.hbs
2024-08-15T15:00:18.699Z [warn] WARNING: {{translate}} was not converted as it has positional parameters which can't be automatically converted. Source: app/templates/list/category/event/confirmation.hbs
2024-08-15T15:00:18.699Z [warn] WARNING: {{translate}} was not converted as it has positional parameters which can't be automatically converted. Source: app/templates/list/category/event/confirmation.hbs
2024-08-15T15:00:18.699Z [warn] WARNING: {{translate}} was not converted as it has positional parameters which can't be automatically converted. Source: app/templates/list/category/event/confirmation.hbs
2024-08-15T15:00:18.699Z [warn] WARNING: {{translate}} was not converted as it has positional parameters which can't be automatically converted. Source: app/templates/list/category/event/confirmation.hbs
2024-08-15T15:00:18.706Z [warn] WARNING: {{translate}} was not converted as it has positional parameters which can't be automatically converted. Source: app/templates/list/category/event/subscribe.hbs
2024-08-15T15:00:18.706Z [warn] WARNING: {{translate}} was not converted as it has positional parameters which can't be automatically converted. Source: app/templates/list/category/event/subscribe.hbs
2024-08-15T15:00:18.737Z [warn] WARNING: {{translate}} was not converted as it has positional parameters which can't be automatically converted. Source: app/templates/components/list-pagination.hbs
2024-08-15T15:00:18.740Z [warn] WARNING: {{translate}} was not converted as it has positional parameters which can't be automatically converted. Source: app/templates/components/list-pagination.hbs
2024-08-15T15:00:18.792Z [warn] WARNING: {{translate}} was not converted as it has positional parameters which can't be automatically converted. Source: app/templates/components/subscription-form.hbs
2024-08-15T15:00:18.793Z [warn] WARNING: {{translate}} was not converted as it has positional parameters which can't be automatically converted. Source: app/templates/components/subscription-form.hbs
2024-08-15T15:00:18.794Z [warn] WARNING: {{translate}} was not converted as it has positional parameters which can't be automatically converted. Source: app/templates/components/subscription-form.hbs
2024-08-15T15:00:18.794Z [warn] WARNING: {{translate}} was not converted as it has positional parameters which can't be automatically converted. Source: app/templates/components/subscription-form.hbs
2024-08-15T15:00:18.794Z [warn] WARNING: {{translate}} was not converted as it has positional parameters which can't be automatically converted. Source: app/templates/components/subscription-form.hbs
2024-08-15T15:00:18.794Z [warn] WARNING: {{translate}} was not converted as it has positional parameters which can't be automatically converted. Source: app/templates/components/subscription-form.hbs
2024-08-15T15:00:18.795Z [warn] WARNING: {{translate}} was not converted as it has positional parameters which can't be automatically converted. Source: app/templates/components/subscription-form.hbs
2024-08-15T15:00:18.799Z [warn] WARNING: {{translate}} was not converted as it has positional parameters which can't be automatically converted. Source: app/templates/components/remaining-seats-badge.hbs
2024-08-15T15:00:18.828Z [warn] WARNING: {{translate}} was not converted as it has positional parameters which can't be automatically converted. Source: app/templates/components/input/input-file.hbs
